<?xml version="1.0" encoding="UTF-8"?>
<!-- Generated by org.testng.reporters.JUnitReportReporter -->
<testsuite hostname="Sunil-PC" name="testngclass.GetDetails" tests="1" failures="0" timestamp="15 Aug 2019 12:57:50 GMT" time="0.011" errors="0">
  <testcase name="getSingle" time="0.011" classname="testngclass.GetDetails"/>
</testsuite> <!-- testngclass.GetDetails -->
